<?xml version="1.0" encoding="UTF-8"?>
<testsuite xmlns:xsi="http://www.w3.org/2001/XMLSchema-instance" xsi:noNamespaceSchemaLocation="https://maven.apache.org/surefire/maven-surefire-plugin/xsd/surefire-test-report.xsd" name="org.word.count.test.statisticsgenerator.WordCounterFunctionalTest" time="0.135" tests="10" errors="0" skipped="0" failures="0">
  <properties>
[...]
</properties>
  <testcase name="decimalsUnitsPTest" classname="org.word.count.test.statisticsgenerator.WordCounterFunctionalTest" time="0.062"/>
  <testcase name="ampersandTest" classname="org.word.count.test.statisticsgenerator.WordCounterFunctionalTest" time="0.009"/>
  <testcase name="decimalTest" classname="org.word.count.test.statisticsgenerator.WordCounterFunctionalTest" time="0.004"/>
  <testcase name="hyphenatedCharsTest" classname="org.word.count.test.statisticsgenerator.WordCounterFunctionalTest" time="0.005"/>
  <testcase name="decimalsUnitsSlashTest" classname="org.word.count.test.statisticsgenerator.WordCounterFunctionalTest" time="0.005"/>
  <testcase name="negativeTests" classname="org.word.count.test.statisticsgenerator.WordCounterFunctionalTest" time="0.013"/>
  <testcase name="longDateTest" classname="org.word.count.test.statisticsgenerator.WordCounterFunctionalTest" time="0.002"/>
  <testcase name="europeanDecimalTest" classname="org.word.count.test.statisticsgenerator.WordCounterFunctionalTest" time="0.007"/>
  <testcase name="shortDateTest" classname="org.word.count.test.statisticsgenerator.WordCounterFunctionalTest" time="0.005"/>
  <testcase name="normalCharsTest" classname="org.word.count.test.statisticsgenerator.WordCounterFunctionalTest" time="0.001"/>
</testsuite>